Analysis & Synthesis report for Projeto
Wed Jun 05 15:23:00 2024
Quartus Prime Version 20.1.1 Build 720 11/11/2020 SJ Lite Edition


---------------------
; Table of Contents ;
---------------------
  1. Legal Notice
  2. Analysis & Synthesis Summary
  3. Analysis & Synthesis Settings
  4. Parallel Compilation
  5. Analysis & Synthesis Source Files Read
  6. Analysis & Synthesis Resource Usage Summary
  7. Analysis & Synthesis Resource Utilization by Entity
  8. General Register Statistics
  9. Post-Synthesis Netlist Statistics for Top Partition
 10. Elapsed Time Per Partition
 11. Analysis & Synthesis Messages



----------------
; Legal Notice ;
----------------
Copyright (C) 2020  Intel Corporation. All rights reserved.
Your use of Intel Corporation's design tools, logic functions 
and other software and tools, and any partner logic 
functions, and any output files from any of the foregoing 
(including device programming or simulation files), and any 
associated documentation or information are expressly subject 
to the terms and conditions of the Intel Program License 
Subscription Agreement, the Intel Quartus Prime License Agreement,
the Intel FPGA IP License Agreement, or other applicable license
agreement, including, without limitation, that your use is for
the sole purpose of programming logic devices manufactured by
Intel and sold by Intel or its authorized distributors.  Please
refer to the applicable agreement for further details, at
https://fpgasoftware.intel.com/eula.



+----------------------------------------------------------------------------------+
; Analysis & Synthesis Summary                                                     ;
+------------------------------------+---------------------------------------------+
; Analysis & Synthesis Status        ; Successful - Wed Jun 05 15:23:00 2024       ;
; Quartus Prime Version              ; 20.1.1 Build 720 11/11/2020 SJ Lite Edition ;
; Revision Name                      ; Projeto                                     ;
; Top-level Entity Name              ; Circuitao                                   ;
; Family                             ; Cyclone IV E                                ;
; Total logic elements               ; 130                                         ;
;     Total combinational functions  ; 130                                         ;
;     Dedicated logic registers      ; 0                                           ;
; Total registers                    ; 0                                           ;
; Total pins                         ; 62                                          ;
; Total virtual pins                 ; 0                                           ;
; Total memory bits                  ; 0                                           ;
; Embedded Multiplier 9-bit elements ; 0                                           ;
; Total PLLs                         ; 0                                           ;
+------------------------------------+---------------------------------------------+


+------------------------------------------------------------------------------------------------------------+
; Analysis & Synthesis Settings                                                                              ;
+------------------------------------------------------------------+--------------------+--------------------+
; Option                                                           ; Setting            ; Default Value      ;
+------------------------------------------------------------------+--------------------+--------------------+
; Device                                                           ; EP4CE115F29C7      ;                    ;
; Top-level entity name                                            ; Circuitao          ; Projeto            ;
; Family name                                                      ; Cyclone IV E       ; Cyclone V          ;
; Use smart compilation                                            ; Off                ; Off                ;
; Enable parallel Assembler and Timing Analyzer during compilation ; On                 ; On                 ;
; Enable compact report table                                      ; Off                ; Off                ;
; Restructure Multiplexers                                         ; Auto               ; Auto               ;
; Create Debugging Nodes for IP Cores                              ; Off                ; Off                ;
; Preserve fewer node names                                        ; On                 ; On                 ;
; Intel FPGA IP Evaluation Mode                                    ; Enable             ; Enable             ;
; Verilog Version                                                  ; Verilog_2001       ; Verilog_2001       ;
; VHDL Version                                                     ; VHDL_1993          ; VHDL_1993          ;
; State Machine Processing                                         ; Auto               ; Auto               ;
; Safe State Machine                                               ; Off                ; Off                ;
; Extract Verilog State Machines                                   ; On                 ; On                 ;
; Extract VHDL State Machines                                      ; On                 ; On                 ;
; Ignore Verilog initial constructs                                ; Off                ; Off                ;
; Iteration limit for constant Verilog loops                       ; 5000               ; 5000               ;
; Iteration limit for non-constant Verilog loops                   ; 250                ; 250                ;
; Add Pass-Through Logic to Inferred RAMs                          ; On                 ; On                 ;
; Infer RAMs from Raw Logic                                        ; On                 ; On                 ;
; Parallel Synthesis                                               ; On                 ; On                 ;
; DSP Block Balancing                                              ; Auto               ; Auto               ;
; NOT Gate Push-Back                                               ; On                 ; On                 ;
; Power-Up Don't Care                                              ; On                 ; On                 ;
; Remove Redundant Logic Cells                                     ; Off                ; Off                ;
; Remove Duplicate Registers                                       ; On                 ; On                 ;
; Ignore CARRY Buffers                                             ; Off                ; Off                ;
; Ignore CASCADE Buffers                                           ; Off                ; Off                ;
; Ignore GLOBAL Buffers                                            ; Off                ; Off                ;
; Ignore ROW GLOBAL Buffers                                        ; Off                ; Off                ;
; Ignore LCELL Buffers                                             ; Off                ; Off                ;
; Ignore SOFT Buffers                                              ; On                 ; On                 ;
; Limit AHDL Integers to 32 Bits                                   ; Off                ; Off                ;
; Optimization Technique                                           ; Balanced           ; Balanced           ;
; Carry Chain Length                                               ; 70                 ; 70                 ;
; Auto Carry Chains                                                ; On                 ; On                 ;
; Auto Open-Drain Pins                                             ; On                 ; On                 ;
; Perform WYSIWYG Primitive Resynthesis                            ; Off                ; Off                ;
; Auto ROM Replacement                                             ; On                 ; On                 ;
; Auto RAM Replacement                                             ; On                 ; On                 ;
; Auto DSP Block Replacement                                       ; On                 ; On                 ;
; Auto Shift Register Replacement                                  ; Auto               ; Auto               ;
; Allow Shift Register Merging across Hierarchies                  ; Auto               ; Auto               ;
; Auto Clock Enable Replacement                                    ; On                 ; On                 ;
; Strict RAM Replacement                                           ; Off                ; Off                ;
; Allow Synchronous Control Signals                                ; On                 ; On                 ;
; Force Use of Synchronous Clear Signals                           ; Off                ; Off                ;
; Auto RAM Block Balancing                                         ; On                 ; On                 ;
; Auto RAM to Logic Cell Conversion                                ; Off                ; Off                ;
; Auto Resource Sharing                                            ; Off                ; Off                ;
; Allow Any RAM Size For Recognition                               ; Off                ; Off                ;
; Allow Any ROM Size For Recognition                               ; Off                ; Off                ;
; Allow Any Shift Register Size For Recognition                    ; Off                ; Off                ;
; Use LogicLock Constraints during Resource Balancing              ; On                 ; On                 ;
; Ignore translate_off and synthesis_off directives                ; Off                ; Off                ;
; Timing-Driven Synthesis                                          ; On                 ; On                 ;
; Report Parameter Settings                                        ; On                 ; On                 ;
; Report Source Assignments                                        ; On                 ; On                 ;
; Report Connectivity Checks                                       ; On                 ; On                 ;
; Ignore Maximum Fan-Out Assignments                               ; Off                ; Off                ;
; Synchronization Register Chain Length                            ; 2                  ; 2                  ;
; Power Optimization During Synthesis                              ; Normal compilation ; Normal compilation ;
; HDL message level                                                ; Level2             ; Level2             ;
; Suppress Register Optimization Related Messages                  ; Off                ; Off                ;
; Number of Removed Registers Reported in Synthesis Report         ; 5000               ; 5000               ;
; Number of Swept Nodes Reported in Synthesis Report               ; 5000               ; 5000               ;
; Number of Inverted Registers Reported in Synthesis Report        ; 100                ; 100                ;
; Clock MUX Protection                                             ; On                 ; On                 ;
; Auto Gated Clock Conversion                                      ; Off                ; Off                ;
; Block Design Naming                                              ; Auto               ; Auto               ;
; SDC constraint protection                                        ; Off                ; Off                ;
; Synthesis Effort                                                 ; Auto               ; Auto               ;
; Shift Register Replacement - Allow Asynchronous Clear Signal     ; On                 ; On                 ;
; Pre-Mapping Resynthesis Optimization                             ; Off                ; Off                ;
; Analysis & Synthesis Message Level                               ; Medium             ; Medium             ;
; Disable Register Merging Across Hierarchies                      ; Auto               ; Auto               ;
; Resource Aware Inference For Block RAM                           ; On                 ; On                 ;
+------------------------------------------------------------------+--------------------+--------------------+


+------------------------------------------+
; Parallel Compilation                     ;
+----------------------------+-------------+
; Processors                 ; Number      ;
+----------------------------+-------------+
; Number detected on machine ; 16          ;
; Maximum allowed            ; 16          ;
;                            ;             ;
; Average used               ; 1.00        ;
; Maximum used               ; 1           ;
;                            ;             ;
; Usage by Processor         ; % Time Used ;
;     Processor 1            ; 100.0%      ;
+----------------------------+-------------+


+--------------------------------------------------------------------------------------------------------------------------------------------------------------------------------------------------------+
; Analysis & Synthesis Source Files Read                                                                                                                                                                 ;
+----------------------------------+-----------------+------------------------------------+----------------------------------------------------------------------------------------------------+---------+
; File Name with User-Entered Path ; Used in Netlist ; File Type                          ; File Name with Absolute Path                                                                       ; Library ;
+----------------------------------+-----------------+------------------------------------+----------------------------------------------------------------------------------------------------+---------+
; Display_Dezenas_4bits.bdf        ; yes             ; User Block Diagram/Schematic File  ; D:/Users/eapvo/Desktop/projetoFINFIN-20240605T131447Z-001/projetoFINFIN/Display_Dezenas_4bits.bdf  ;         ;
; Display_Unidades_4bits.bdf       ; yes             ; User Block Diagram/Schematic File  ; D:/Users/eapvo/Desktop/projetoFINFIN-20240605T131447Z-001/projetoFINFIN/Display_Unidades_4bits.bdf ;         ;
; Somador_Palavra.bdf              ; yes             ; User Block Diagram/Schematic File  ; D:/Users/eapvo/Desktop/projetoFINFIN-20240605T131447Z-001/projetoFINFIN/Somador_Palavra.bdf        ;         ;
; Somador_bit.bdf                  ; yes             ; User Block Diagram/Schematic File  ; D:/Users/eapvo/Desktop/projetoFINFIN-20240605T131447Z-001/projetoFINFIN/Somador_bit.bdf            ;         ;
; Seletor.bdf                      ; yes             ; User Block Diagram/Schematic File  ; D:/Users/eapvo/Desktop/projetoFINFIN-20240605T131447Z-001/projetoFINFIN/Seletor.bdf                ;         ;
; GU.bdf                           ; yes             ; User Block Diagram/Schematic File  ; D:/Users/eapvo/Desktop/projetoFINFIN-20240605T131447Z-001/projetoFINFIN/GU.bdf                     ;         ;
; Display_Unidades.bdf             ; yes             ; User Block Diagram/Schematic File  ; D:/Users/eapvo/Desktop/projetoFINFIN-20240605T131447Z-001/projetoFINFIN/Display_Unidades.bdf       ;         ;
; Display_Dezenas.bdf              ; yes             ; User Block Diagram/Schematic File  ; D:/Users/eapvo/Desktop/projetoFINFIN-20240605T131447Z-001/projetoFINFIN/Display_Dezenas.bdf        ;         ;
; Complemento_de_2.bdf             ; yes             ; User Block Diagram/Schematic File  ; D:/Users/eapvo/Desktop/projetoFINFIN-20240605T131447Z-001/projetoFINFIN/Complemento_de_2.bdf       ;         ;
; Circuitao.bdf                    ; yes             ; User Block Diagram/Schematic File  ; D:/Users/eapvo/Desktop/projetoFINFIN-20240605T131447Z-001/projetoFINFIN/Circuitao.bdf              ;         ;
; CD.bdf                           ; yes             ; User Block Diagram/Schematic File  ; D:/Users/eapvo/Desktop/projetoFINFIN-20240605T131447Z-001/projetoFINFIN/CD.bdf                     ;         ;
; AxorB.bdf                        ; yes             ; User Block Diagram/Schematic File  ; D:/Users/eapvo/Desktop/projetoFINFIN-20240605T131447Z-001/projetoFINFIN/AxorB.bdf                  ;         ;
; AMenorQueB.bdf                   ; yes             ; User Block Diagram/Schematic File  ; D:/Users/eapvo/Desktop/projetoFINFIN-20240605T131447Z-001/projetoFINFIN/AMenorQueB.bdf             ;         ;
; AMaiorQueB.bdf                   ; yes             ; User Block Diagram/Schematic File  ; D:/Users/eapvo/Desktop/projetoFINFIN-20240605T131447Z-001/projetoFINFIN/AMaiorQueB.bdf             ;         ;
; AigualB.bdf                      ; yes             ; User Block Diagram/Schematic File  ; D:/Users/eapvo/Desktop/projetoFINFIN-20240605T131447Z-001/projetoFINFIN/AigualB.bdf                ;         ;
; AandB.bdf                        ; yes             ; User Block Diagram/Schematic File  ; D:/Users/eapvo/Desktop/projetoFINFIN-20240605T131447Z-001/projetoFINFIN/AandB.bdf                  ;         ;
; Somador_Final.bdf                ; yes             ; User Block Diagram/Schematic File  ; D:/Users/eapvo/Desktop/projetoFINFIN-20240605T131447Z-001/projetoFINFIN/Somador_Final.bdf          ;         ;
; Subtracao_Final.bdf              ; yes             ; User Block Diagram/Schematic File  ; D:/Users/eapvo/Desktop/projetoFINFIN-20240605T131447Z-001/projetoFINFIN/Subtracao_Final.bdf        ;         ;
; soma1_5bits.bdf                  ; yes             ; User Block Diagram/Schematic File  ; D:/Users/eapvo/Desktop/projetoFINFIN-20240605T131447Z-001/projetoFINFIN/soma1_5bits.bdf            ;         ;
; soma_palavra_5_5.bdf             ; yes             ; User Block Diagram/Schematic File  ; D:/Users/eapvo/Desktop/projetoFINFIN-20240605T131447Z-001/projetoFINFIN/soma_palavra_5_5.bdf       ;         ;
; adiciona_1bit.bdf                ; yes             ; User Block Diagram/Schematic File  ; D:/Users/eapvo/Desktop/projetoFINFIN-20240605T131447Z-001/projetoFINFIN/adiciona_1bit.bdf          ;         ;
; remove_1bit.bdf                  ; yes             ; User Block Diagram/Schematic File  ; D:/Users/eapvo/Desktop/projetoFINFIN-20240605T131447Z-001/projetoFINFIN/remove_1bit.bdf            ;         ;
+----------------------------------+-----------------+------------------------------------+----------------------------------------------------------------------------------------------------+---------+


+----------------------------------------------------------+
; Analysis & Synthesis Resource Usage Summary              ;
+---------------------------------------------+------------+
; Resource                                    ; Usage      ;
+---------------------------------------------+------------+
; Estimated Total logic elements              ; 130        ;
;                                             ;            ;
; Total combinational functions               ; 130        ;
; Logic element usage by number of LUT inputs ;            ;
;     -- 4 input functions                    ; 92         ;
;     -- 3 input functions                    ; 28         ;
;     -- <=2 input functions                  ; 10         ;
;                                             ;            ;
; Logic elements by mode                      ;            ;
;     -- normal mode                          ; 130        ;
;     -- arithmetic mode                      ; 0          ;
;                                             ;            ;
; Total registers                             ; 0          ;
;     -- Dedicated logic registers            ; 0          ;
;     -- I/O registers                        ; 0          ;
;                                             ;            ;
; I/O pins                                    ; 62         ;
;                                             ;            ;
; Embedded Multiplier 9-bit elements          ; 0          ;
;                                             ;            ;
; Maximum fan-out node                        ; A[4]~input ;
; Maximum fan-out                             ; 26         ;
; Total fan-out                               ; 576        ;
; Average fan-out                             ; 2.27       ;
+---------------------------------------------+------------+


+-----------------------------------------------------------------------------------------------------------------------------------------------------------------------------------------------------------------------------------------------------------------------------------------------------------------------------+
; Analysis & Synthesis Resource Utilization by Entity                                                                                                                                                                                                                                                                         ;
+-------------------------------------+---------------------+---------------------------+-------------+--------------+---------+-----------+------+--------------+--------------------------------------------------------------------------------------------------------------------+------------------------+--------------+
; Compilation Hierarchy Node          ; Combinational ALUTs ; Dedicated Logic Registers ; Memory Bits ; DSP Elements ; DSP 9x9 ; DSP 18x18 ; Pins ; Virtual Pins ; Full Hierarchy Name                                                                                                ; Entity Name            ; Library Name ;
+-------------------------------------+---------------------+---------------------------+-------------+--------------+---------+-----------+------+--------------+--------------------------------------------------------------------------------------------------------------------+------------------------+--------------+
; |Circuitao                          ; 130 (37)            ; 0 (0)                     ; 0           ; 0            ; 0       ; 0         ; 62   ; 0            ; |Circuitao                                                                                                         ; Circuitao              ; work         ;
;    |Display_Dezenas:inst10|         ; 6 (3)               ; 0 (0)                     ; 0           ; 0            ; 0       ; 0         ; 0    ; 0            ; |Circuitao|Display_Dezenas:inst10                                                                                  ; Display_Dezenas        ; work         ;
;       |CD:inst6|                    ; 3 (3)               ; 0 (0)                     ; 0           ; 0            ; 0       ; 0         ; 0    ; 0            ; |Circuitao|Display_Dezenas:inst10|CD:inst6                                                                         ; CD                     ; work         ;
;    |Display_Dezenas_4bits:inst20|   ; 1 (1)               ; 0 (0)                     ; 0           ; 0            ; 0       ; 0         ; 0    ; 0            ; |Circuitao|Display_Dezenas_4bits:inst20                                                                            ; Display_Dezenas_4bits  ; work         ;
;    |Display_Dezenas_4bits:inst23|   ; 1 (1)               ; 0 (0)                     ; 0           ; 0            ; 0       ; 0         ; 0    ; 0            ; |Circuitao|Display_Dezenas_4bits:inst23                                                                            ; Display_Dezenas_4bits  ; work         ;
;    |Display_Unidades:inst3|         ; 22 (18)             ; 0 (0)                     ; 0           ; 0            ; 0       ; 0         ; 0    ; 0            ; |Circuitao|Display_Unidades:inst3                                                                                  ; Display_Unidades       ; work         ;
;       |GU:inst54|                   ; 4 (4)               ; 0 (0)                     ; 0           ; 0            ; 0       ; 0         ; 0    ; 0            ; |Circuitao|Display_Unidades:inst3|GU:inst54                                                                        ; GU                     ; work         ;
;    |Display_Unidades_4bits:inst21|  ; 7 (7)               ; 0 (0)                     ; 0           ; 0            ; 0       ; 0         ; 0    ; 0            ; |Circuitao|Display_Unidades_4bits:inst21                                                                           ; Display_Unidades_4bits ; work         ;
;    |Display_Unidades_4bits:inst22|  ; 7 (7)               ; 0 (0)                     ; 0           ; 0            ; 0       ; 0         ; 0    ; 0            ; |Circuitao|Display_Unidades_4bits:inst22                                                                           ; Display_Unidades_4bits ; work         ;
;    |Seletor:inst|                   ; 5 (5)               ; 0 (0)                     ; 0           ; 0            ; 0       ; 0         ; 0    ; 0            ; |Circuitao|Seletor:inst                                                                                            ; Seletor                ; work         ;
;    |Somador_Final:inst12|           ; 20 (10)             ; 0 (0)                     ; 0           ; 0            ; 0       ; 0         ; 0    ; 0            ; |Circuitao|Somador_Final:inst12                                                                                    ; Somador_Final          ; work         ;
;       |Complemento_de_2:inst6|      ; 1 (0)               ; 0 (0)                     ; 0           ; 0            ; 0       ; 0         ; 0    ; 0            ; |Circuitao|Somador_Final:inst12|Complemento_de_2:inst6                                                             ; Complemento_de_2       ; work         ;
;          |soma1_5bits:inst4|        ; 1 (0)               ; 0 (0)                     ; 0           ; 0            ; 0       ; 0         ; 0    ; 0            ; |Circuitao|Somador_Final:inst12|Complemento_de_2:inst6|soma1_5bits:inst4                                           ; soma1_5bits            ; work         ;
;             |Somador_bit:inst13|    ; 1 (1)               ; 0 (0)                     ; 0           ; 0            ; 0       ; 0         ; 0    ; 0            ; |Circuitao|Somador_Final:inst12|Complemento_de_2:inst6|soma1_5bits:inst4|Somador_bit:inst13                        ; Somador_bit            ; work         ;
;       |Complemento_de_2:inst99|     ; 2 (2)               ; 0 (0)                     ; 0           ; 0            ; 0       ; 0         ; 0    ; 0            ; |Circuitao|Somador_Final:inst12|Complemento_de_2:inst99                                                            ; Complemento_de_2       ; work         ;
;       |Somador_Palavra:inst89|      ; 3 (0)               ; 0 (0)                     ; 0           ; 0            ; 0       ; 0         ; 0    ; 0            ; |Circuitao|Somador_Final:inst12|Somador_Palavra:inst89                                                             ; Somador_Palavra        ; work         ;
;          |Somador_bit:inst13|       ; 1 (1)               ; 0 (0)                     ; 0           ; 0            ; 0       ; 0         ; 0    ; 0            ; |Circuitao|Somador_Final:inst12|Somador_Palavra:inst89|Somador_bit:inst13                                          ; Somador_bit            ; work         ;
;          |Somador_bit:inst14|       ; 1 (1)               ; 0 (0)                     ; 0           ; 0            ; 0       ; 0         ; 0    ; 0            ; |Circuitao|Somador_Final:inst12|Somador_Palavra:inst89|Somador_bit:inst14                                          ; Somador_bit            ; work         ;
;          |Somador_bit:inst16|       ; 1 (1)               ; 0 (0)                     ; 0           ; 0            ; 0       ; 0         ; 0    ; 0            ; |Circuitao|Somador_Final:inst12|Somador_Palavra:inst89|Somador_bit:inst16                                          ; Somador_bit            ; work         ;
;       |soma_palavra_5_5:inst4|      ; 4 (1)               ; 0 (0)                     ; 0           ; 0            ; 0       ; 0         ; 0    ; 0            ; |Circuitao|Somador_Final:inst12|soma_palavra_5_5:inst4                                                             ; soma_palavra_5_5       ; work         ;
;          |Somador_bit:inst13|       ; 1 (1)               ; 0 (0)                     ; 0           ; 0            ; 0       ; 0         ; 0    ; 0            ; |Circuitao|Somador_Final:inst12|soma_palavra_5_5:inst4|Somador_bit:inst13                                          ; Somador_bit            ; work         ;
;          |Somador_bit:inst14|       ; 1 (1)               ; 0 (0)                     ; 0           ; 0            ; 0       ; 0         ; 0    ; 0            ; |Circuitao|Somador_Final:inst12|soma_palavra_5_5:inst4|Somador_bit:inst14                                          ; Somador_bit            ; work         ;
;          |Somador_bit:inst16|       ; 1 (1)               ; 0 (0)                     ; 0           ; 0            ; 0       ; 0         ; 0    ; 0            ; |Circuitao|Somador_Final:inst12|soma_palavra_5_5:inst4|Somador_bit:inst16                                          ; Somador_bit            ; work         ;
;    |Subtracao_Final:inst8|          ; 24 (3)              ; 0 (0)                     ; 0           ; 0            ; 0       ; 0         ; 0    ; 0            ; |Circuitao|Subtracao_Final:inst8                                                                                   ; Subtracao_Final        ; work         ;
;       |Somador_Final:inst12|        ; 21 (6)              ; 0 (0)                     ; 0           ; 0            ; 0       ; 0         ; 0    ; 0            ; |Circuitao|Subtracao_Final:inst8|Somador_Final:inst12                                                              ; Somador_Final          ; work         ;
;          |Complemento_de_2:inst6|   ; 2 (0)               ; 0 (0)                     ; 0           ; 0            ; 0       ; 0         ; 0    ; 0            ; |Circuitao|Subtracao_Final:inst8|Somador_Final:inst12|Complemento_de_2:inst6                                       ; Complemento_de_2       ; work         ;
;             |soma1_5bits:inst4|     ; 2 (0)               ; 0 (0)                     ; 0           ; 0            ; 0       ; 0         ; 0    ; 0            ; |Circuitao|Subtracao_Final:inst8|Somador_Final:inst12|Complemento_de_2:inst6|soma1_5bits:inst4                     ; soma1_5bits            ; work         ;
;                |Somador_bit:inst13| ; 1 (1)               ; 0 (0)                     ; 0           ; 0            ; 0       ; 0         ; 0    ; 0            ; |Circuitao|Subtracao_Final:inst8|Somador_Final:inst12|Complemento_de_2:inst6|soma1_5bits:inst4|Somador_bit:inst13  ; Somador_bit            ; work         ;
;                |Somador_bit:inst16| ; 1 (1)               ; 0 (0)                     ; 0           ; 0            ; 0       ; 0         ; 0    ; 0            ; |Circuitao|Subtracao_Final:inst8|Somador_Final:inst12|Complemento_de_2:inst6|soma1_5bits:inst4|Somador_bit:inst16  ; Somador_bit            ; work         ;
;          |Complemento_de_2:inst91|  ; 2 (0)               ; 0 (0)                     ; 0           ; 0            ; 0       ; 0         ; 0    ; 0            ; |Circuitao|Subtracao_Final:inst8|Somador_Final:inst12|Complemento_de_2:inst91                                      ; Complemento_de_2       ; work         ;
;             |soma1_5bits:inst4|     ; 2 (0)               ; 0 (0)                     ; 0           ; 0            ; 0       ; 0         ; 0    ; 0            ; |Circuitao|Subtracao_Final:inst8|Somador_Final:inst12|Complemento_de_2:inst91|soma1_5bits:inst4                    ; soma1_5bits            ; work         ;
;                |Somador_bit:inst14| ; 1 (1)               ; 0 (0)                     ; 0           ; 0            ; 0       ; 0         ; 0    ; 0            ; |Circuitao|Subtracao_Final:inst8|Somador_Final:inst12|Complemento_de_2:inst91|soma1_5bits:inst4|Somador_bit:inst14 ; Somador_bit            ; work         ;
;                |Somador_bit:inst16| ; 1 (1)               ; 0 (0)                     ; 0           ; 0            ; 0       ; 0         ; 0    ; 0            ; |Circuitao|Subtracao_Final:inst8|Somador_Final:inst12|Complemento_de_2:inst91|soma1_5bits:inst4|Somador_bit:inst16 ; Somador_bit            ; work         ;
;          |Complemento_de_2:inst99|  ; 4 (2)               ; 0 (0)                     ; 0           ; 0            ; 0       ; 0         ; 0    ; 0            ; |Circuitao|Subtracao_Final:inst8|Somador_Final:inst12|Complemento_de_2:inst99                                      ; Complemento_de_2       ; work         ;
;             |soma1_5bits:inst4|     ; 2 (0)               ; 0 (0)                     ; 0           ; 0            ; 0       ; 0         ; 0    ; 0            ; |Circuitao|Subtracao_Final:inst8|Somador_Final:inst12|Complemento_de_2:inst99|soma1_5bits:inst4                    ; soma1_5bits            ; work         ;
;                |Somador_bit:inst13| ; 1 (1)               ; 0 (0)                     ; 0           ; 0            ; 0       ; 0         ; 0    ; 0            ; |Circuitao|Subtracao_Final:inst8|Somador_Final:inst12|Complemento_de_2:inst99|soma1_5bits:inst4|Somador_bit:inst13 ; Somador_bit            ; work         ;
;                |Somador_bit:inst16| ; 1 (1)               ; 0 (0)                     ; 0           ; 0            ; 0       ; 0         ; 0    ; 0            ; |Circuitao|Subtracao_Final:inst8|Somador_Final:inst12|Complemento_de_2:inst99|soma1_5bits:inst4|Somador_bit:inst16 ; Somador_bit            ; work         ;
;          |Somador_Palavra:inst89|   ; 4 (0)               ; 0 (0)                     ; 0           ; 0            ; 0       ; 0         ; 0    ; 0            ; |Circuitao|Subtracao_Final:inst8|Somador_Final:inst12|Somador_Palavra:inst89                                       ; Somador_Palavra        ; work         ;
;             |Somador_bit:inst13|    ; 1 (1)               ; 0 (0)                     ; 0           ; 0            ; 0       ; 0         ; 0    ; 0            ; |Circuitao|Subtracao_Final:inst8|Somador_Final:inst12|Somador_Palavra:inst89|Somador_bit:inst13                    ; Somador_bit            ; work         ;
;             |Somador_bit:inst14|    ; 1 (1)               ; 0 (0)                     ; 0           ; 0            ; 0       ; 0         ; 0    ; 0            ; |Circuitao|Subtracao_Final:inst8|Somador_Final:inst12|Somador_Palavra:inst89|Somador_bit:inst14                    ; Somador_bit            ; work         ;
;             |Somador_bit:inst15|    ; 1 (1)               ; 0 (0)                     ; 0           ; 0            ; 0       ; 0         ; 0    ; 0            ; |Circuitao|Subtracao_Final:inst8|Somador_Final:inst12|Somador_Palavra:inst89|Somador_bit:inst15                    ; Somador_bit            ; work         ;
;             |Somador_bit:inst16|    ; 1 (1)               ; 0 (0)                     ; 0           ; 0            ; 0       ; 0         ; 0    ; 0            ; |Circuitao|Subtracao_Final:inst8|Somador_Final:inst12|Somador_Palavra:inst89|Somador_bit:inst16                    ; Somador_bit            ; work         ;
;          |soma_palavra_5_5:inst4|   ; 3 (0)               ; 0 (0)                     ; 0           ; 0            ; 0       ; 0         ; 0    ; 0            ; |Circuitao|Subtracao_Final:inst8|Somador_Final:inst12|soma_palavra_5_5:inst4                                       ; soma_palavra_5_5       ; work         ;
;             |Somador_bit:inst13|    ; 1 (1)               ; 0 (0)                     ; 0           ; 0            ; 0       ; 0         ; 0    ; 0            ; |Circuitao|Subtracao_Final:inst8|Somador_Final:inst12|soma_palavra_5_5:inst4|Somador_bit:inst13                    ; Somador_bit            ; work         ;
;             |Somador_bit:inst14|    ; 1 (1)               ; 0 (0)                     ; 0           ; 0            ; 0       ; 0         ; 0    ; 0            ; |Circuitao|Subtracao_Final:inst8|Somador_Final:inst12|soma_palavra_5_5:inst4|Somador_bit:inst14                    ; Somador_bit            ; work         ;
;             |Somador_bit:inst16|    ; 1 (1)               ; 0 (0)                     ; 0           ; 0            ; 0       ; 0         ; 0    ; 0            ; |Circuitao|Subtracao_Final:inst8|Somador_Final:inst12|soma_palavra_5_5:inst4|Somador_bit:inst16                    ; Somador_bit            ; work         ;
+-------------------------------------+---------------------+---------------------------+-------------+--------------+---------+-----------+------+--------------+--------------------------------------------------------------------------------------------------------------------+------------------------+--------------+
Note: For table entries with two numbers listed, the numbers in parentheses indicate the number of resources of the given type used by the specific entity alone. The numbers listed outside of parentheses indicate the total resources of the given type used by the specific entity and all of its sub-entities in the hierarchy.


+------------------------------------------------------+
; General Register Statistics                          ;
+----------------------------------------------+-------+
; Statistic                                    ; Value ;
+----------------------------------------------+-------+
; Total registers                              ; 0     ;
; Number of registers using Synchronous Clear  ; 0     ;
; Number of registers using Synchronous Load   ; 0     ;
; Number of registers using Asynchronous Clear ; 0     ;
; Number of registers using Asynchronous Load  ; 0     ;
; Number of registers using Clock Enable       ; 0     ;
; Number of registers using Preset             ; 0     ;
+----------------------------------------------+-------+


+-----------------------------------------------------+
; Post-Synthesis Netlist Statistics for Top Partition ;
+-----------------------+-----------------------------+
; Type                  ; Count                       ;
+-----------------------+-----------------------------+
; boundary_port         ; 62                          ;
; cycloneiii_lcell_comb ; 153                         ;
;     normal            ; 153                         ;
;         0 data inputs ; 2                           ;
;         1 data inputs ; 21                          ;
;         2 data inputs ; 10                          ;
;         3 data inputs ; 28                          ;
;         4 data inputs ; 92                          ;
;                       ;                             ;
; Max LUT depth         ; 11.00                       ;
; Average LUT depth     ; 7.43                        ;
+-----------------------+-----------------------------+


+-------------------------------+
; Elapsed Time Per Partition    ;
+----------------+--------------+
; Partition Name ; Elapsed Time ;
+----------------+--------------+
; Top            ; 00:00:00     ;
+----------------+--------------+


+-------------------------------+
; Analysis & Synthesis Messages ;
+-------------------------------+
Info: *******************************************************************
Info: Running Quartus Prime Analysis & Synthesis
    Info: Version 20.1.1 Build 720 11/11/2020 SJ Lite Edition
    Info: Processing started: Wed Jun 05 15:22:50 2024
Info: Command: quartus_map --read_settings_files=on --write_settings_files=off Projeto -c Projeto
Warning (18236): Number of processors has not been specified which may cause overloading on shared machines.  Set the global assignment NUM_PARALLEL_PROCESSORS in your QSF to an appropriate value for best performance.
Info (20030): Parallel compilation is enabled and will use 16 of the 16 processors detected
Info (12021): Found 1 design units, including 1 entities, in source file display_dezenas_4bits.bdf
    Info (12023): Found entity 1: Display_Dezenas_4bits
Info (12021): Found 1 design units, including 1 entities, in source file display_unidades_4bits.bdf
    Info (12023): Found entity 1: Display_Unidades_4bits
Info (12021): Found 1 design units, including 1 entities, in source file subtrator_palavra.bdf
    Info (12023): Found entity 1: Subtrator_Palavra
Info (12021): Found 1 design units, including 1 entities, in source file somador_palavra.bdf
    Info (12023): Found entity 1: Somador_Palavra
Info (12021): Found 1 design units, including 1 entities, in source file somador_bit.bdf
    Info (12023): Found entity 1: Somador_bit
Info (12021): Found 1 design units, including 1 entities, in source file seletor.bdf
    Info (12023): Found entity 1: Seletor
Info (12021): Found 1 design units, including 1 entities, in source file gu.bdf
    Info (12023): Found entity 1: GU
Info (12021): Found 1 design units, including 1 entities, in source file display_unidades.bdf
    Info (12023): Found entity 1: Display_Unidades
Info (12021): Found 1 design units, including 1 entities, in source file display_dezenas.bdf
    Info (12023): Found entity 1: Display_Dezenas
Info (12021): Found 1 design units, including 1 entities, in source file complemento_de_2.bdf
    Info (12023): Found entity 1: Complemento_de_2
Info (12021): Found 1 design units, including 1 entities, in source file comparador_palavra.bdf
    Info (12023): Found entity 1: Comparador_Palavra
Info (12021): Found 1 design units, including 1 entities, in source file circuitao.bdf
    Info (12023): Found entity 1: Circuitao
Info (12021): Found 1 design units, including 1 entities, in source file cd.bdf
    Info (12023): Found entity 1: CD
Info (12021): Found 1 design units, including 1 entities, in source file axorb.bdf
    Info (12023): Found entity 1: AxorB
Info (12021): Found 1 design units, including 1 entities, in source file amenorqueb.bdf
    Info (12023): Found entity 1: AMenorQueB
Info (12021): Found 1 design units, including 1 entities, in source file amaiorqueb.bdf
    Info (12023): Found entity 1: AMaiorQueB
Info (12021): Found 1 design units, including 1 entities, in source file aigualb.bdf
    Info (12023): Found entity 1: AigualB
Info (12021): Found 1 design units, including 1 entities, in source file aandb.bdf
    Info (12023): Found entity 1: AandB
Info (12021): Found 1 design units, including 1 entities, in source file somador_final.bdf
    Info (12023): Found entity 1: Somador_Final
Info (12021): Found 1 design units, including 1 entities, in source file subtracao_final.bdf
    Info (12023): Found entity 1: Subtracao_Final
Info (12021): Found 1 design units, including 1 entities, in source file complemento_de_2_6bits.bdf
    Info (12023): Found entity 1: complemento_de_2_6bits
Info (12021): Found 1 design units, including 1 entities, in source file soma1_6bits.bdf
    Info (12023): Found entity 1: soma1_6bits
Info (12021): Found 1 design units, including 1 entities, in source file soma1_5bits.bdf
    Info (12023): Found entity 1: soma1_5bits
Info (12021): Found 1 design units, including 1 entities, in source file soma_palavra_5_5.bdf
    Info (12023): Found entity 1: soma_palavra_5_5
Info (12021): Found 1 design units, including 1 entities, in source file adiciona_1bit.bdf
    Info (12023): Found entity 1: adiciona_1bit
Info (12021): Found 1 design units, including 1 entities, in source file remove_1bit.bdf
    Info (12023): Found entity 1: remove_1bit
Info (12127): Elaborating entity "Circuitao" for the top level hierarchy
Info (12128): Elaborating entity "Display_Unidades_4bits" for hierarchy "Display_Unidades_4bits:inst22"
Info (12128): Elaborating entity "Subtracao_Final" for hierarchy "Subtracao_Final:inst8"
Info (12128): Elaborating entity "Somador_Final" for hierarchy "Subtracao_Final:inst8|Somador_Final:inst12"
Info (12128): Elaborating entity "adiciona_1bit" for hierarchy "Subtracao_Final:inst8|Somador_Final:inst12|adiciona_1bit:inst12"
Info (12128): Elaborating entity "soma_palavra_5_5" for hierarchy "Subtracao_Final:inst8|Somador_Final:inst12|soma_palavra_5_5:inst4"
Info (12128): Elaborating entity "Somador_bit" for hierarchy "Subtracao_Final:inst8|Somador_Final:inst12|soma_palavra_5_5:inst4|Somador_bit:inst12"
Info (12128): Elaborating entity "Complemento_de_2" for hierarchy "Subtracao_Final:inst8|Somador_Final:inst12|Complemento_de_2:inst91"
Warning (275011): Block or symbol "AND2" of instance "inst17" overlaps another block or symbol
Info (12128): Elaborating entity "soma1_5bits" for hierarchy "Subtracao_Final:inst8|Somador_Final:inst12|Complemento_de_2:inst91|soma1_5bits:inst4"
Warning (275011): Block or symbol "NOT" of instance "inst" overlaps another block or symbol
Info (12128): Elaborating entity "Somador_Palavra" for hierarchy "Subtracao_Final:inst8|Somador_Final:inst12|Somador_Palavra:inst89"
Info (12128): Elaborating entity "remove_1bit" for hierarchy "Subtracao_Final:inst8|Somador_Final:inst12|remove_1bit:inst"
Info (12128): Elaborating entity "Seletor" for hierarchy "Seletor:inst"
Info (12128): Elaborating entity "Display_Unidades" for hierarchy "Display_Unidades:inst3"
Info (12128): Elaborating entity "GU" for hierarchy "Display_Unidades:inst3|GU:inst54"
Info (12128): Elaborating entity "Display_Dezenas" for hierarchy "Display_Dezenas:inst10"
Warning (275011): Block or symbol "NOT" of instance "inst11" overlaps another block or symbol
Warning (275008): Primitive "NOT" of instance "inst13" not used
Info (12128): Elaborating entity "CD" for hierarchy "Display_Dezenas:inst10|CD:inst6"
Info (12128): Elaborating entity "AMaiorQueB" for hierarchy "AMaiorQueB:inst7"
Info (12128): Elaborating entity "AMenorQueB" for hierarchy "AMenorQueB:inst24"
Info (12128): Elaborating entity "AigualB" for hierarchy "AigualB:inst4"
Info (12128): Elaborating entity "Display_Dezenas_4bits" for hierarchy "Display_Dezenas_4bits:inst20"
Warning (275008): Primitive "NOT" of instance "inst3" not used
Info (12128): Elaborating entity "AandB" for hierarchy "AandB:inst1"
Info (12128): Elaborating entity "AxorB" for hierarchy "AxorB:inst6"
Warning (13024): Output pins are stuck at VCC or GND
    Warning (13410): Pin "b_dez" is stuck at GND
    Warning (13410): Pin "b_dez_num" is stuck at GND
    Warning (13410): Pin "c_dez_num" is stuck at GND
    Warning (13410): Pin "g_dez_num" is stuck at VCC
    Warning (13410): Pin "g1_dez_num" is stuck at VCC
    Warning (13410): Pin "c1_dez_num" is stuck at GND
    Warning (13410): Pin "b1_dez_num" is stuck at GND
Info (286030): Timing-Driven Synthesis is running
Info (16010): Generating hard_block partition "hard_block:auto_generated_inst"
    Info (16011): Adding 0 node(s), including 0 DDIO, 0 PLL, 0 transceiver and 0 LCELL
Info (21057): Implemented 192 device resources after synthesis - the final resource count might be different
    Info (21058): Implemented 13 input pins
    Info (21059): Implemented 49 output pins
    Info (21061): Implemented 130 logic cells
Info: Quartus Prime Analysis & Synthesis was successful. 0 errors, 15 warnings
    Info: Peak virtual memory: 4781 megabytes
    Info: Processing ended: Wed Jun 05 15:23:00 2024
    Info: Elapsed time: 00:00:10
    Info: Total CPU time (on all processors): 00:00:19


